Build started 1/26/2020 7:59:29 PM.
     1>Project "C:\DSA\assignments\assignment1\build\INSTALL.vcxproj" on node 2 (build target(s)).
       Project file contains ToolsVersion="16.0". This toolset may be unknown or missing, in which case you may be able to resolve this by installing the appropriate version of MSBuild, or the build may have been forced to a particular ToolsVersion for policy reasons. Treating the project as if it had ToolsVersion="4.0". For more information, please see http://go.microsoft.com/fwlink/?LinkId=291333.
     1>Project "C:\DSA\assignments\assignment1\build\INSTALL.vcxproj" (1) is building "C:\DSA\assignments\assignment1\build\ALL_BUILD.vcxproj" (3) on node 2 (GetTargetPath target(s)).
       Project file contains ToolsVersion="16.0". This toolset may be unknown or missing, in which case you may be able to resolve this by installing the appropriate version of MSBuild, or the build may have been forced to a particular ToolsVersion for policy reasons. Treating the project as if it had ToolsVersion="4.0". For more information, please see http://go.microsoft.com/fwlink/?LinkId=291333.
     3>Done Building Project "C:\DSA\assignments\assignment1\build\ALL_BUILD.vcxproj" (GetTargetPath target(s)) -- FAILED.
     1>Project "C:\DSA\assignments\assignment1\build\INSTALL.vcxproj" (1) is building "C:\DSA\assignments\assignment1\build\ALL_BUILD.vcxproj" (3:2) on node 2 (GetNativeManifest target(s)).
       Project file contains ToolsVersion="16.0". This toolset may be unknown or missing, in which case you may be able to resolve this by installing the appropriate version of MSBuild, or the build may have been forced to a particular ToolsVersion for policy reasons. Treating the project as if it had ToolsVersion="4.0". For more information, please see http://go.microsoft.com/fwlink/?LinkId=291333.
     3>Done Building Project "C:\DSA\assignments\assignment1\build\ALL_BUILD.vcxproj" (GetNativeManifest target(s)) -- FAILED.
     1>C:\Program Files (x86)\MSBuild\Microsoft.Cpp\v4.0\Microsoft.CppBuild.targets(283,5): error MSB8013: This project doesn't contain the Configuration and Platform combination of Debug|Win32.
     1>Done Building Project "C:\DSA\assignments\assignment1\build\INSTALL.vcxproj" (build target(s)) -- FAILED.

Build FAILED.

Time Elapsed 00:00:00.01
