Build started 3/23/2020 8:33:12 PM.
     1>Project "C:\DSA\assignments\assignment5\build\src\abremang\abremang.vcxproj" on node 2 (build target(s)).
     1>InitializeBuildStatus:
         Touching "abremang.dir\Debug\abremang.unsuccessfulbuild".
       CustomBuild:
         All outputs are up-to-date.
       ClCompile:
         C:\Program Files (x86)\Microsoft Visual Studio 10.0\VC\bin\CL.exe /c /Zi /nologo /W3 /WX- /Od /Ob0 /Oy- /D WIN32 /D _WINDOWS /D _CRT_SECURE_NO_DEPRECATE /D "CMAKE_INTDIR=\"Debug\"" /D _MBCS /Gm- /EHsc /RTC1 /MDd /GS /fp:precise /Zc:wchar_t /Zc:forScope /GR /Fo"abremang.dir\Debug\\" /Fd"abremang.dir\Debug\vc100.pdb" /Gd /TP /analyze- /errorReport:prompt ..\..\..\src\abremang\assignment5Application.cpp ..\..\..\src\abremang\assignment5Implementation.cpp
         assignment5Application.cpp
     1>..\..\..\src\abremang\assignment5Application.cpp(191): warning C4101: 'goal' : unreferenced local variable
     1>..\..\..\src\abremang\assignment5Application.cpp(190): warning C4101: 'robot' : unreferenced local variable
     1>..\..\..\src\abremang\assignment5Application.cpp(186): warning C4101: 'g' : unreferenced local variable
         assignment5Implementation.cpp
         Generating Code...
     1>c:\dsa\assignments\assignment5\src\abremang\assignment5application.cpp(234): warning C4700: uninitialized local variable 'goal_y' used
     1>c:\dsa\assignments\assignment5\src\abremang\assignment5application.cpp(234): warning C4700: uninitialized local variable 'goal_x' used
     1>c:\dsa\assignments\assignment5\src\abremang\assignment5application.cpp(234): warning C4700: uninitialized local variable 'robot_y' used
     1>c:\dsa\assignments\assignment5\src\abremang\assignment5application.cpp(234): warning C4700: uninitialized local variable 'robot_x' used
       ManifestResourceCompile:
         C:\Program Files (x86)\Microsoft SDKs\Windows\v7.0A\bin\rc.exe /nologo /fo"abremang.dir\Debug\abremang.exe.embed.manifest.res" abremang.dir\Debug\abremang_manifest.rc 
       Link:
         C:\Program Files (x86)\Microsoft Visual Studio 10.0\VC\bin\link.exe /ERRORREPORT:PROMPT /OUT:"C:\DSA\assignments\assignment5\build\Debug\abremang.exe" /INCREMENTAL /NOLOGO kernel32.lib user32.lib gdi32.lib winspool.lib shell32.lib ole32.lib oleaut32.lib uuid.lib comdlg32.lib advapi32.lib /NODEFAULTLIB:"libc;libcmt.lib;libcmtd.lib" /MANIFEST /ManifestFile:"abremang.dir\Debug\abremang.exe.intermediate.manifest" /MANIFESTUAC:"level='asInvoker' uiAccess='false'" /DEBUG /PDB:"C:/DSA/assignments/assignment5/build/Debug/abremang.pdb" /SUBSYSTEM:CONSOLE /TLBID:1 /DYNAMICBASE /NXCOMPAT /IMPLIB:"C:/DSA/assignments/assignment5/build/Debug/abremang.lib" /MACHINE:X86 abremang.dir\Debug\abremang.exe.embed.manifest.res
         abremang.dir\Debug\assignment5Application.obj
         abremang.dir\Debug\assignment5Implementation.obj
         abremang.dir\Debug\graphImplementation.obj  /machine:X86
     1>graphImplementation.obj : error LNK2005: "void __cdecl prompt_and_exit(int)" (?prompt_and_exit@@YAXH@Z) already defined in assignment5Implementation.obj
     1>C:\DSA\assignments\assignment5\build\Debug\abremang.exe : fatal error LNK1169: one or more multiply defined symbols found
     1>Done Building Project "C:\DSA\assignments\assignment5\build\src\abremang\abremang.vcxproj" (build target(s)) -- FAILED.

Build FAILED.

Time Elapsed 00:00:01.08
